Arguments: 
  /usr/local/Cellar/node/9.9.0/bin/node /usr/local/Cellar/yarn/1.5.1_1/libexec/bin/yarn.js update lunr

PATH: 
  /Users/nick/.rvm/gems/ruby-2.2.0/bin:/Users/nick/.rvm/gems/ruby-2.2.0@global/bin:/Users/nick/.rvm/rubies/ruby-2.2.0/bin:/usr/local/bin:/usr/local/bin:/usr/bin:/bin:/usr/sbin:/sbin:/Users/nick/.rvm/gems/ruby-2.2.0/bin:/Users/nick/.rvm/gems/ruby-2.2.0@global/bin:/Users/nick/.rvm/rubies/ruby-2.2.0/bin:/Users/nick/.rvm/bin

Yarn version: 
  1.5.1

Node version: 
  9.9.0

Platform: 
  darwin x64

npm manifest: 
  {
    "dependencies": {
      "lunr": "^2.1.6"
    }
  }

yarn manifest: 
  No manifest

Lockfile: 
  # THIS IS AN AUTOGENERATED FILE. DO NOT EDIT THIS FILE DIRECTLY.
  # yarn lockfile v1
  
  
  lunr@^2.1.6:
    version "2.1.6"
    resolved "https://registry.yarnpkg.com/lunr/-/lunr-2.1.6.tgz#671d2321c4c5bc4c522914953d1c54d612f60aa7"

Trace: 
  Error: Command "update" not found.
      at new MessageError (/usr/local/Cellar/yarn/1.5.1_1/libexec/lib/cli.js:186:110)
      at /usr/local/Cellar/yarn/1.5.1_1/libexec/lib/cli.js:87307:17
      at Generator.next (<anonymous>)
      at step (/usr/local/Cellar/yarn/1.5.1_1/libexec/lib/cli.js:98:30)
      at /usr/local/Cellar/yarn/1.5.1_1/libexec/lib/cli.js:116:14
      at new Promise (<anonymous>)
      at new F (/usr/local/Cellar/yarn/1.5.1_1/libexec/lib/cli.js:23451:28)
      at /usr/local/Cellar/yarn/1.5.1_1/libexec/lib/cli.js:95:12
      at runCommand (/usr/local/Cellar/yarn/1.5.1_1/libexec/lib/cli.js:87312:22)
      at Object.<anonymous> (/usr/local/Cellar/yarn/1.5.1_1/libexec/lib/cli.js:87412:14)
